<?xml version="1.0" encoding="UTF-8" ?>
<testsuite failures="0" time="0.8" errors="0" skipped="0" tests="19" name="edu.bath.transitivityutils.TransitiveRelationTest">
  <properties>
[...]
</properties>
  <testcase time="0.741" classname="edu.bath.transitivityutils.TransitiveRelationTest" name="testRandomized"/>
  <testcase time="0.006" classname="edu.bath.transitivityutils.TransitiveRelationTest" name="testSerializable"/>
  <testcase time="0" classname="edu.bath.transitivityutils.TransitiveRelationTest" name="testReflexivityForUnknownNodes"/>
  <testcase time="0" classname="edu.bath.transitivityutils.TransitiveRelationTest" name="testAcyclic1"/>
  <testcase time="0.001" classname="edu.bath.transitivityutils.TransitiveRelationTest" name="testAcyclic2"/>
  <testcase time="0.001" classname="edu.bath.transitivityutils.TransitiveRelationTest" name="testCyclic"/>
  <testcase time="0" classname="edu.bath.transitivityutils.TransitiveRelationTest" name="testAcyclic3"/>
  <testcase time="0" classname="edu.bath.transitivityutils.TransitiveRelationTest" name="testCyclesDoNotRemoveVitalEdgesAsRedundant"/>
  <testcase time="0.001" classname="edu.bath.transitivityutils.TransitiveRelationTest" name="testSimple"/>
  <testcase time="0" classname="edu.bath.transitivityutils.TransitiveRelationTest" name="testSimple2"/>
  <testcase time="0" classname="edu.bath.transitivityutils.TransitiveRelationTest" name="testBottomUp"/>
  <testcase time="0.001" classname="edu.bath.transitivityutils.TransitiveRelationTest" name="testDirectlyRelated"/>
  <testcase time="0" classname="edu.bath.transitivityutils.TransitiveRelationTest" name="testDirectlyRelatedWith"/>
  <testcase time="0" classname="edu.bath.transitivityutils.TransitiveRelationTest" name="testDirectlyRelatedWith_Unmodifiable1"/>
  <testcase time="0" classname="edu.bath.transitivityutils.TransitiveRelationTest" name="testDirectlyRelatedWith_Unmodifiable2"/>
  <testcase time="0.001" classname="edu.bath.transitivityutils.TransitiveRelationTest" name="testReflexiveEdgesIgnored"/>
  <testcase time="0" classname="edu.bath.transitivityutils.TransitiveRelationTest" name="testTransitivity1"/>
  <testcase time="0.001" classname="edu.bath.transitivityutils.TransitiveRelationTest" name="testTransitivity2"/>
  <testcase time="0.001" classname="edu.bath.transitivityutils.TransitiveRelationTest" name="testRegression1"/>
</testsuite>